<?xml version="1.0" encoding="UTF-8"?>
<!-- Generated by org.testng.reporters.JUnitXMLReporter -->
<testsuite hostname="NFTW6MWPIT3138" ignored="0" name="Test" tests="1" failures="1" timestamp="2020-07-26T13:37:30 EDT" time="27.861" errors="0">
  <testcase name="createPPAcct_carbConsMen" time="22.421" classname="test_onboarding_persoPlans.onBoard_pp_logInNumiasPP">
    <failure type="org.openqa.selenium.ElementClickInterceptedException" message="element click intercepted: Element &amp;lt;button id=&amp;quot;neither&amp;quot; class=&amp;quot;dietary-needs-button neither-button&amp;quot; name=&amp;quot;dietaryNeeds&amp;quot; value=&amp;quot;neither&amp;quot; type=&amp;quot;button&amp;quot; data-name=&amp;quot;Neither&amp;quot; aria-pressed=&amp;quot;false&amp;quot;&amp;gt;...&amp;lt;/button&amp;gt; is not clickable at point (755, 672). Other element would receive the click: &amp;lt;h2 class=&amp;quot;fw-700&amp;quot;&amp;gt;...&amp;lt;/h2&amp;gt;
  (Session info: chrome=84.0.4147.89)
Build info: version: &amp;apos;3.141.59&amp;apos;, revision: &amp;apos;e82be7d358&amp;apos;, time: &amp;apos;2018-11-14T08:17:03&amp;apos;
System info: host: &amp;apos;NFTW6MWPIT3138&amp;apos;, ip: &amp;apos;10.125.88.57&amp;apos;, os.name: &amp;apos;Windows 10&amp;apos;, os.arch: &amp;apos;amd64&amp;apos;, os.version: &amp;apos;10.0&amp;apos;, java.version: &amp;apos;1.8.0_241&amp;apos;
Driver info: org.openqa.selenium.chrome.ChromeDriver
Capabilities {acceptInsecureCerts: false, browserName: chrome, browserVersion: 84.0.4147.89, chrome: {chromedriverVersion: 83.0.4103.39 (ccbf011cb2d2b..., userDataDir: C:\Users\tkannan\AppData\Lo...}, goog:chromeOptions: {debuggerAddress: localhost:60602}, javascriptEnabled: true, networkConnectionEnabled: false, pageLoadStrategy: normal, platform: WINDOWS, platformName: WINDOWS, proxy: Proxy(), setWindowRect: true, strictFileInteractability: false, timeouts: {implicit: 0, pageLoad: 300000, script: 30000}, unhandledPromptBehavior: dismiss and notify, webauthn:virtualAuthenticators: true}
Session ID: 7ef2d29d7d06c5438cb9f1e0c29d72b8">
      <![CDATA[org.openqa.selenium.ElementClickInterceptedException: element click intercepted: Element <button id="neither" class="dietary-needs-button neither-button" name="dietaryNeeds" value="neither" type="button" data-name="Neither" aria-pressed="false">...</button> is not clickable at point (755, 672). Other element would receive the click: <h2 class="fw-700">...</h2>
  (Session info: chrome=84.0.4147.89)
Build info: version: '3.141.59', revision: 'e82be7d358', time: '2018-11-14T08:17:03'
System info: host: 'NFTW6MWPIT3138', ip: '10.125.88.57', os.name: 'Windows 10', os.arch: 'amd64', os.version: '10.0', java.version: '1.8.0_241'
Driver info: org.openqa.selenium.chrome.ChromeDriver
Capabilities {acceptInsecureCerts: false, browserName: chrome, browserVersion: 84.0.4147.89, chrome: {chromedriverVersion: 83.0.4103.39 (ccbf011cb2d2b..., userDataDir: C:\Users\tkannan\AppData\Lo...}, goog:chromeOptions: {debuggerAddress: localhost:60602}, javascriptEnabled: true, networkConnectionEnabled: false, pageLoadStrategy: normal, platform: WINDOWS, platformName: WINDOWS, proxy: Proxy(), setWindowRect: true, strictFileInteractability: false, timeouts: {implicit: 0, pageLoad: 300000, script: 30000}, unhandledPromptBehavior: dismiss and notify, webauthn:virtualAuthenticators: true}
Session ID: 7ef2d29d7d06c5438cb9f1e0c29d72b8
at org.openqa.selenium.remote.http.W3CHttpResponseCodec.createException(W3CHttpResponseCodec.java:187)
at org.openqa.selenium.remote.http.W3CHttpResponseCodec.decode(W3CHttpResponseCodec.java:122)
at org.openqa.selenium.remote.http.W3CHttpResponseCodec.decode(W3CHttpResponseCodec.java:49)
at org.openqa.selenium.remote.HttpCommandExecutor.execute(HttpCommandExecutor.java:158)
at org.openqa.selenium.remote.service.DriverCommandExecutor.execute(DriverCommandExecutor.java:83)
at org.openqa.selenium.remote.RemoteWebDriver.execute(RemoteWebDriver.java:552)
at org.openqa.selenium.remote.RemoteWebElement.execute(RemoteWebElement.java:285)
at org.openqa.selenium.remote.RemoteWebElement.click(RemoteWebElement.java:84)
at com.numi.qa.base.keywordFunctions.click(keywordFunctions.java:21)
at test_onboarding_persoPlans.onBoard_pp_logInNumiasPP.createPPAcct_carbConsMen(onBoard_pp_logInNumiasPP.java:99)
at java.util.ArrayList.forEach(ArrayList.java:1257)
... Removed 31 stack frames]]>
    </failure>
  </testcase> <!-- createPPAcct_carbConsMen -->
</testsuite> <!-- Test -->
