<?xml version="1.0" encoding="UTF-8"?>
<!-- Generated by org.testng.reporters.JUnitXMLReporter -->
<testsuite hostname="NFTW6MWPIT3138" ignored="0" name="Test-Onboarding" tests="36" failures="1" timestamp="2020-09-15T15:57:13 EDT" time="137.132" errors="0">
  <testcase name="onb_getUrl" time="2.614" classname="test_onboarding.Onb_basicPlan"/>
  <testcase name="onb_verify_signInTitle" time="0.018" classname="test_onboarding.Onb_basicPlan"/>
  <testcase name="onb_newUser_signUpforNumiClick" time="0.911" classname="test_onboarding.Onb_basicPlan"/>
  <testcase name="onb_newUser_setUpAcctPage" time="1.096" classname="test_onboarding.Onb_basicPlan"/>
  <testcase name="onb_newUser_acctDetailsPage" time="1.769" classname="test_onboarding.Onb_basicPlan"/>
  <testcase name="onb_newUser_tellUsprofilePage" time="5.24" classname="test_onboarding.Onb_basicPlan"/>
  <testcase name="onb_newUser_chooseNSPlanPage" time="1.783" classname="test_onboarding.Onb_basicPlan"/>
  <testcase name="onb_newUser_chooseNsPlanListPage" time="0.292" classname="test_onboarding.Onb_basicPlan"/>
  <testcase name="onb_newUser_firstWeekStagePage" time="1.813" classname="test_onboarding.Onb_basicPlan"/>
  <testcase name="onb_newUser_stayOnTrackEMailNotifyPage" time="1.382" classname="test_onboarding.Onb_basicPlan"/>
  <testcase name="onb_newUser_connectDevicePage" time="1.275" classname="test_onboarding.Onb_basicPlan"/>
  <testcase name="onb_newUser_onboardingComplete" time="0.34" classname="test_onboarding.Onb_basicPlan"/>
  <testcase name="lessThanHundredWtLoss_DBplan_backdated" time="21.496" classname="test_onboarding.Onb_basicDiab_backdated">
    <failure type="org.openqa.selenium.NoSuchElementException" message="no such element: Unable to locate element: {&amp;quot;method&amp;quot;:&amp;quot;xpath&amp;quot;,&amp;quot;selector&amp;quot;:&amp;quot;//h3[contains(text(),&amp;apos;Don’t Miss Out&amp;apos;)]&amp;quot;}
  (Session info: chrome=84.0.4147.135)
For documentation on this error, please visit: https://www.seleniumhq.org/exceptions/no_such_element.html
Build info: version: &amp;apos;3.141.59&amp;apos;, revision: &amp;apos;e82be7d358&amp;apos;, time: &amp;apos;2018-11-14T08:17:03&amp;apos;
System info: host: &amp;apos;NFTW6MWPIT3138&amp;apos;, ip: &amp;apos;10.125.88.57&amp;apos;, os.name: &amp;apos;Windows 10&amp;apos;, os.arch: &amp;apos;amd64&amp;apos;, os.version: &amp;apos;10.0&amp;apos;, java.version: &amp;apos;1.8.0_241&amp;apos;
Driver info: org.openqa.selenium.chrome.ChromeDriver
Capabilities {acceptInsecureCerts: false, browserName: chrome, browserVersion: 84.0.4147.135, chrome: {chromedriverVersion: 83.0.4103.39 (ccbf011cb2d2b..., userDataDir: C:\Users\tkannan\AppData\Lo...}, goog:chromeOptions: {debuggerAddress: localhost:51868}, javascriptEnabled: true, networkConnectionEnabled: false, pageLoadStrategy: normal, platform: WINDOWS, platformName: WINDOWS, proxy: Proxy(), setWindowRect: true, strictFileInteractability: false, timeouts: {implicit: 0, pageLoad: 300000, script: 30000}, unhandledPromptBehavior: dismiss and notify, webauthn:virtualAuthenticators: true}
Session ID: 96b47fe48e22ca3e652630f096545179
*** Element info: {Using=xpath, value=//h3[contains(text(),&amp;apos;Don’t Miss Out&amp;apos;)]}">
      <![CDATA[org.openqa.selenium.NoSuchElementException: no such element: Unable to locate element: {"method":"xpath","selector":"//h3[contains(text(),'Don’t Miss Out')]"}
  (Session info: chrome=84.0.4147.135)
For documentation on this error, please visit: https://www.seleniumhq.org/exceptions/no_such_element.html
Build info: version: '3.141.59', revision: 'e82be7d358', time: '2018-11-14T08:17:03'
System info: host: 'NFTW6MWPIT3138', ip: '10.125.88.57', os.name: 'Windows 10', os.arch: 'amd64', os.version: '10.0', java.version: '1.8.0_241'
Driver info: org.openqa.selenium.chrome.ChromeDriver
Capabilities {acceptInsecureCerts: false, browserName: chrome, browserVersion: 84.0.4147.135, chrome: {chromedriverVersion: 83.0.4103.39 (ccbf011cb2d2b..., userDataDir: C:\Users\tkannan\AppData\Lo...}, goog:chromeOptions: {debuggerAddress: localhost:51868}, javascriptEnabled: true, networkConnectionEnabled: false, pageLoadStrategy: normal, platform: WINDOWS, platformName: WINDOWS, proxy: Proxy(), setWindowRect: true, strictFileInteractability: false, timeouts: {implicit: 0, pageLoad: 300000, script: 30000}, unhandledPromptBehavior: dismiss and notify, webauthn:virtualAuthenticators: true}
Session ID: 96b47fe48e22ca3e652630f096545179
*** Element info: {Using=xpath, value=//h3[contains(text(),'Don’t Miss Out')]}
at org.openqa.selenium.remote.http.W3CHttpResponseCodec.createException(W3CHttpResponseCodec.java:187)
at org.openqa.selenium.remote.http.W3CHttpResponseCodec.decode(W3CHttpResponseCodec.java:122)
at org.openqa.selenium.remote.http.W3CHttpResponseCodec.decode(W3CHttpResponseCodec.java:49)
at org.openqa.selenium.remote.HttpCommandExecutor.execute(HttpCommandExecutor.java:158)
at org.openqa.selenium.remote.service.DriverCommandExecutor.execute(DriverCommandExecutor.java:83)
at org.openqa.selenium.remote.RemoteWebDriver.execute(RemoteWebDriver.java:552)
at org.openqa.selenium.remote.RemoteWebDriver.findElement(RemoteWebDriver.java:323)
at org.openqa.selenium.remote.RemoteWebDriver.findElementByXPath(RemoteWebDriver.java:428)
at org.openqa.selenium.By$ByXPath.findElement(By.java:353)
at org.openqa.selenium.remote.RemoteWebDriver.findElement(RemoteWebDriver.java:315)
at org.openqa.selenium.support.pagefactory.DefaultElementLocator.findElement(DefaultElementLocator.java:69)
at org.openqa.selenium.support.pagefactory.internal.LocatingElementHandler.invoke(LocatingElementHandler.java:38)
at com.sun.proxy.$Proxy12.isDisplayed(Unknown Source)
at com.numi.onboarding.pages.stayOnTrackEMailNotifyPage.verify_stayOnTrackEMailNotifyPg_Heading(stayOnTrackEMailNotifyPage.java:32)
at test_onboarding.Onb_basicDiab_backdated.lessThanHundredWtLoss_DBplan_backdated(Onb_basicDiab_backdated.java:72)
at java.util.ArrayList.forEach(ArrayList.java:1257)
... Removed 31 stack frames]]>
    </failure>
  </testcase> <!-- lessThanHundredWtLoss_DBplan_backdated -->
  <testcase name="onb_newUser_signUpforNumiClick" time="0.921" classname="test_onboarding.Onb_bodyBp_balancedPlan"/>
  <testcase name="onb_newUser_setUpAcctPage" time="1.009" classname="test_onboarding.Onb_bodyBp_balancedPlan"/>
  <testcase name="onb_newUser_acctDetailsPage" time="1.231" classname="test_onboarding.Onb_bodyBp_balancedPlan"/>
  <testcase name="onb_newUser_tellUsprofilePage" time="4.183" classname="test_onboarding.Onb_bodyBp_balancedPlan"/>
  <testcase name="onb_newUser_chooseNSPlanPage" time="1.375" classname="test_onboarding.Onb_bodyBp_balancedPlan"/>
  <testcase name="onb_newUser_chooseNsPlanListPage" time="0.31" classname="test_onboarding.Onb_bodyBp_balancedPlan"/>
  <testcase name="onb_newUser_stayOnTrackEMailNotifyPage" time="3.297" classname="test_onboarding.Onb_bodyBp_balancedPlan"/>
  <testcase name="onb_newUser_connectDevicePage" time="1.438" classname="test_onboarding.Onb_bodyBp_balancedPlan"/>
  <testcase name="onb_newUser_onboardingComplete" time="0.233" classname="test_onboarding.Onb_bodyBp_balancedPlan"/>
  <testcase name="onb_getUrl" time="2.097" classname="test_onboarding.Onb_uniqlyYours"/>
  <testcase name="onb_verify_signInTitle" time="0.021" classname="test_onboarding.Onb_uniqlyYours"/>
  <testcase name="onb_newUser_signUpforNumiClick" time="0.771" classname="test_onboarding.Onb_uniqlyYours"/>
  <testcase name="onb_newUser_setUpAcctPage" time="1.144" classname="test_onboarding.Onb_uniqlyYours"/>
  <testcase name="onb_newUser_acctDetailsPage" time="1.681" classname="test_onboarding.Onb_uniqlyYours"/>
  <testcase name="onb_newUser_tellUsprofilePage" time="4.528" classname="test_onboarding.Onb_uniqlyYours"/>
  <testcase name="onb_newUser_chooseNSPlanPage" time="1.517" classname="test_onboarding.Onb_uniqlyYours"/>
  <testcase name="onb_newUser_chooseNsPlanListPage" time="0.264" classname="test_onboarding.Onb_uniqlyYours"/>
  <testcase name="onb_newUser_firstWeekStagePage" time="1.605" classname="test_onboarding.Onb_uniqlyYours"/>
  <testcase name="onb_newUser_stayOnTrackEMailNotifyPage" time="1.585" classname="test_onboarding.Onb_uniqlyYours"/>
  <testcase name="onb_newUser_connectDevicePage" time="1.169" classname="test_onboarding.Onb_uniqlyYours"/>
  <testcase name="onb_newUser_onboardingComplete" time="0.274" classname="test_onboarding.Onb_uniqlyYours"/>
  <testcase name="useYrNsAccount" time="11.117" classname="test_onboarding.Onb_using_NSacct"/>
  <testcase name="lessThanHundredWtLoss_coreDBplan_futureDated" time="15.347" classname="test_onboarding.Onb_coreDB_futureDated"/>
</testsuite> <!-- Test-Onboarding -->
